Board Number: 0
22 13 17 11 0 
8 2 23 4 24 
21 9 14 16 0 
6 10 3 18 5 
1 12 20 15 19 
Horizontal Sum: 63
Vertical Sum: 58
Horizontal Sum: 61
Vertical Sum: 46
Horizontal Sum: 60
Vertical Sum: 77
Horizontal Sum: 42
Vertical Sum: 64
Horizontal Sum: 67
Vertical Sum: 48
Board Number: 1
3 15 0 2 22 
9 18 13 17 5 
19 8 0 25 23 
20 11 10 24 4 
14 21 16 12 6 
Horizontal Sum: 42
Vertical Sum: 65
Horizontal Sum: 62
Vertical Sum: 73
Horizontal Sum: 75
Vertical Sum: 39
Horizontal Sum: 69
Vertical Sum: 80
Horizontal Sum: 69
Vertical Sum: 60
Board Number: 2
14 21 17 24 4 
10 16 15 9 19 
18 8 23 26 20 
22 11 13 6 5 
2 0 12 3 0 
Horizontal Sum: 80
Vertical Sum: 66
Horizontal Sum: 69
Vertical Sum: 56
Horizontal Sum: 95
Vertical Sum: 80
Horizontal Sum: 57
Vertical Sum: 68
Horizontal Sum: 17
Vertical Sum: 48
Board Number: 0
22 13 17 11 0 
8 2 23 0 24 
21 9 14 16 0 
6 10 3 18 5 
1 12 20 15 19 
Horizontal Sum: 63
Vertical Sum: 58
Horizontal Sum: 57
Vertical Sum: 46
Horizontal Sum: 60
Vertical Sum: 77
Horizontal Sum: 42
Vertical Sum: 60
Horizontal Sum: 67
Vertical Sum: 48
Board Number: 1
3 15 0 2 22 
9 18 13 17 5 
19 8 0 25 23 
20 11 10 24 0 
14 21 16 12 6 
Horizontal Sum: 42
Vertical Sum: 65
Horizontal Sum: 62
Vertical Sum: 73
Horizontal Sum: 75
Vertical Sum: 39
Horizontal Sum: 65
Vertical Sum: 80
Horizontal Sum: 69
Vertical Sum: 56
Board Number: 2
14 21 17 24 0 
10 16 15 9 19 
18 8 23 26 20 
22 11 13 6 5 
2 0 12 3 0 
Horizontal Sum: 76
Vertical Sum: 66
Horizontal Sum: 69
Vertical Sum: 56
Horizontal Sum: 95
Vertical Sum: 80
Horizontal Sum: 57
Vertical Sum: 68
Horizontal Sum: 17
Vertical Sum: 44
Board Number: 0
22 13 17 11 0 
8 2 23 0 24 
21 0 14 16 0 
6 10 3 18 5 
1 12 20 15 19 
Horizontal Sum: 63
Vertical Sum: 58
Horizontal Sum: 57
Vertical Sum: 37
Horizontal Sum: 51
Vertical Sum: 77
Horizontal Sum: 42
Vertical Sum: 60
Horizontal Sum: 67
Vertical Sum: 48
Board Number: 1
3 15 0 2 22 
0 18 13 17 5 
19 8 0 25 23 
20 11 10 24 0 
14 21 16 12 6 
Horizontal Sum: 42
Vertical Sum: 56
Horizontal Sum: 53
Vertical Sum: 73
Horizontal Sum: 75
Vertical Sum: 39
Horizontal Sum: 65
Vertical Sum: 80
Horizontal Sum: 69
Vertical Sum: 56
Board Number: 2
14 21 17 24 0 
10 16 15 0 19 
18 8 23 26 20 
22 11 13 6 5 
2 0 12 3 0 
Horizontal Sum: 76
Vertical Sum: 66
Horizontal Sum: 60
Vertical Sum: 56
Horizontal Sum: 95
Vertical Sum: 80
Horizontal Sum: 57
Vertical Sum: 59
Horizontal Sum: 17
Vertical Sum: 44
Board Number: 0
22 13 17 11 0 
8 2 23 0 24 
21 0 14 16 0 
6 10 3 18 0 
1 12 20 15 19 
Horizontal Sum: 63
Vertical Sum: 58
Horizontal Sum: 57
Vertical Sum: 37
Horizontal Sum: 51
Vertical Sum: 77
Horizontal Sum: 37
Vertical Sum: 60
Horizontal Sum: 67
Vertical Sum: 43
Board Number: 1
3 15 0 2 22 
0 18 13 17 0 
19 8 0 25 23 
20 11 10 24 0 
14 21 16 12 6 
Horizontal Sum: 42
Vertical Sum: 56
Horizontal Sum: 48
Vertical Sum: 73
Horizontal Sum: 75
Vertical Sum: 39
Horizontal Sum: 65
Vertical Sum: 80
Horizontal Sum: 69
Vertical Sum: 51
Board Number: 2
14 21 17 24 0 
10 16 15 0 19 
18 8 23 26 20 
22 11 13 6 0 
2 0 12 3 0 
Horizontal Sum: 76
Vertical Sum: 66
Horizontal Sum: 60
Vertical Sum: 56
Horizontal Sum: 95
Vertical Sum: 80
Horizontal Sum: 52
Vertical Sum: 59
Horizontal Sum: 17
Vertical Sum: 39
Board Number: 0
22 13 17 0 0 
8 2 23 0 24 
21 0 14 16 0 
6 10 3 18 0 
1 12 20 15 19 
Horizontal Sum: 52
Vertical Sum: 58
Horizontal Sum: 57
Vertical Sum: 37
Horizontal Sum: 51
Vertical Sum: 77
Horizontal Sum: 37
Vertical Sum: 49
Horizontal Sum: 67
Vertical Sum: 43
Board Number: 1
3 15 0 2 22 
0 18 13 17 0 
19 8 0 25 23 
20 0 10 24 0 
14 21 16 12 6 
Horizontal Sum: 42
Vertical Sum: 56
Horizontal Sum: 48
Vertical Sum: 62
Horizontal Sum: 75
Vertical Sum: 39
Horizontal Sum: 54
Vertical Sum: 80
Horizontal Sum: 69
Vertical Sum: 51
Board Number: 2
14 21 17 24 0 
10 16 15 0 19 
18 8 23 26 20 
22 0 13 6 0 
2 0 12 3 0 
Horizontal Sum: 76
Vertical Sum: 66
Horizontal Sum: 60
Vertical Sum: 45
Horizontal Sum: 95
Vertical Sum: 80
Horizontal Sum: 41
Vertical Sum: 59
Horizontal Sum: 17
Vertical Sum: 39
Board Number: 0
22 13 0 0 0 
8 2 23 0 24 
21 0 14 16 0 
6 10 3 18 0 
1 12 20 15 19 
Horizontal Sum: 35
Vertical Sum: 58
Horizontal Sum: 57
Vertical Sum: 37
Horizontal Sum: 51
Vertical Sum: 60
Horizontal Sum: 37
Vertical Sum: 49
Horizontal Sum: 67
Vertical Sum: 43
Board Number: 1
3 15 0 2 22 
0 18 13 0 0 
19 8 0 25 23 
20 0 10 24 0 
14 21 16 12 6 
Horizontal Sum: 42
Vertical Sum: 56
Horizontal Sum: 31
Vertical Sum: 62
Horizontal Sum: 75
Vertical Sum: 39
Horizontal Sum: 54
Vertical Sum: 63
Horizontal Sum: 69
Vertical Sum: 51
Board Number: 2
14 21 0 24 0 
10 16 15 0 19 
18 8 23 26 20 
22 0 13 6 0 
2 0 12 3 0 
Horizontal Sum: 59
Vertical Sum: 66
Horizontal Sum: 60
Vertical Sum: 45
Horizontal Sum: 95
Vertical Sum: 63
Horizontal Sum: 41
Vertical Sum: 59
Horizontal Sum: 17
Vertical Sum: 39
Board Number: 0
22 13 0 0 0 
8 2 0 0 24 
21 0 14 16 0 
6 10 3 18 0 
1 12 20 15 19 
Horizontal Sum: 35
Vertical Sum: 58
Horizontal Sum: 34
Vertical Sum: 37
Horizontal Sum: 51
Vertical Sum: 37
Horizontal Sum: 37
Vertical Sum: 49
Horizontal Sum: 67
Vertical Sum: 43
Board Number: 1
3 15 0 2 22 
0 18 13 0 0 
19 8 0 25 0 
20 0 10 24 0 
14 21 16 12 6 
Horizontal Sum: 42
Vertical Sum: 56
Horizontal Sum: 31
Vertical Sum: 62
Horizontal Sum: 52
Vertical Sum: 39
Horizontal Sum: 54
Vertical Sum: 63
Horizontal Sum: 69
Vertical Sum: 28
Board Number: 2
14 21 0 24 0 
10 16 15 0 19 
18 8 0 26 20 
22 0 13 6 0 
2 0 12 3 0 
Horizontal Sum: 59
Vertical Sum: 66
Horizontal Sum: 60
Vertical Sum: 45
Horizontal Sum: 72
Vertical Sum: 40
Horizontal Sum: 41
Vertical Sum: 59
Horizontal Sum: 17
Vertical Sum: 39
Board Number: 0
22 13 0 0 0 
8 0 0 0 24 
21 0 14 16 0 
6 10 3 18 0 
1 12 20 15 19 
Horizontal Sum: 35
Vertical Sum: 58
Horizontal Sum: 32
Vertical Sum: 35
Horizontal Sum: 51
Vertical Sum: 37
Horizontal Sum: 37
Vertical Sum: 49
Horizontal Sum: 67
Vertical Sum: 43
Board Number: 1
3 15 0 0 22 
0 18 13 0 0 
19 8 0 25 0 
20 0 10 24 0 
14 21 16 12 6 
Horizontal Sum: 40
Vertical Sum: 56
Horizontal Sum: 31
Vertical Sum: 62
Horizontal Sum: 52
Vertical Sum: 39
Horizontal Sum: 54
Vertical Sum: 61
Horizontal Sum: 69
Vertical Sum: 28
Board Number: 2
14 21 0 24 0 
10 16 15 0 19 
18 8 0 26 20 
22 0 13 6 0 
0 0 12 3 0 
Horizontal Sum: 59
Vertical Sum: 64
Horizontal Sum: 60
Vertical Sum: 45
Horizontal Sum: 72
Vertical Sum: 40
Horizontal Sum: 41
Vertical Sum: 59
Horizontal Sum: 15
Vertical Sum: 39
Board Number: 0
22 13 0 0 0 
8 0 0 0 24 
21 0 14 16 0 
6 10 3 18 0 
1 12 20 15 19 
Horizontal Sum: 35
Vertical Sum: 58
Horizontal Sum: 32
Vertical Sum: 35
Horizontal Sum: 51
Vertical Sum: 37
Horizontal Sum: 37
Vertical Sum: 49
Horizontal Sum: 67
Vertical Sum: 43
Board Number: 1
3 15 0 0 22 
0 18 13 0 0 
19 8 0 25 0 
20 0 10 24 0 
14 21 16 12 6 
Horizontal Sum: 40
Vertical Sum: 56
Horizontal Sum: 31
Vertical Sum: 62
Horizontal Sum: 52
Vertical Sum: 39
Horizontal Sum: 54
Vertical Sum: 61
Horizontal Sum: 69
Vertical Sum: 28
Board Number: 2
14 21 0 24 0 
10 16 15 0 19 
18 8 0 26 20 
22 0 13 6 0 
0 0 12 3 0 
Horizontal Sum: 59
Vertical Sum: 64
Horizontal Sum: 60
Vertical Sum: 45
Horizontal Sum: 72
Vertical Sum: 40
Horizontal Sum: 41
Vertical Sum: 59
Horizontal Sum: 15
Vertical Sum: 39
Board Number: 0
22 13 0 0 0 
8 0 0 0 24 
21 0 0 16 0 
6 10 3 18 0 
1 12 20 15 19 
Horizontal Sum: 35
Vertical Sum: 58
Horizontal Sum: 32
Vertical Sum: 35
Horizontal Sum: 37
Vertical Sum: 23
Horizontal Sum: 37
Vertical Sum: 49
Horizontal Sum: 67
Vertical Sum: 43
Board Number: 1
3 15 0 0 22 
0 18 13 0 0 
19 8 0 25 0 
20 0 10 24 0 
0 21 16 12 6 
Horizontal Sum: 40
Vertical Sum: 42
Horizontal Sum: 31
Vertical Sum: 62
Horizontal Sum: 52
Vertical Sum: 39
Horizontal Sum: 54
Vertical Sum: 61
Horizontal Sum: 55
Vertical Sum: 28
Board Number: 2
0 21 0 24 0 
10 16 15 0 19 
18 8 0 26 20 
22 0 13 6 0 
0 0 12 3 0 
Horizontal Sum: 45
Vertical Sum: 50
Horizontal Sum: 60
Vertical Sum: 45
Horizontal Sum: 72
Vertical Sum: 40
Horizontal Sum: 41
Vertical Sum: 59
Horizontal Sum: 15
Vertical Sum: 39
Board Number: 0
22 13 0 0 0 
8 0 0 0 24 
0 0 0 16 0 
6 10 3 18 0 
1 12 20 15 19 
Horizontal Sum: 35
Vertical Sum: 37
Horizontal Sum: 32
Vertical Sum: 35
Horizontal Sum: 16
Vertical Sum: 23
Horizontal Sum: 37
Vertical Sum: 49
Horizontal Sum: 67
Vertical Sum: 43
Board Number: 1
3 15 0 0 22 
0 18 13 0 0 
19 8 0 25 0 
20 0 10 24 0 
0 0 16 12 6 
Horizontal Sum: 40
Vertical Sum: 42
Horizontal Sum: 31
Vertical Sum: 41
Horizontal Sum: 52
Vertical Sum: 39
Horizontal Sum: 54
Vertical Sum: 61
Horizontal Sum: 34
Vertical Sum: 28
Board Number: 2
0 0 0 24 0 
10 16 15 0 19 
18 8 0 26 20 
22 0 13 6 0 
0 0 12 3 0 
Horizontal Sum: 24
Vertical Sum: 50
Horizontal Sum: 60
Vertical Sum: 24
Horizontal Sum: 72
Vertical Sum: 40
Horizontal Sum: 41
Vertical Sum: 59
Horizontal Sum: 15
Vertical Sum: 39
Current No: 24
Board Number: 0
22 13 0 0 0 
8 0 0 0 0 
0 0 0 16 0 
6 10 3 18 0 
1 12 20 15 19 
Horizontal Sum: 35
Vertical Sum: 37
Horizontal Sum: 8
Vertical Sum: 35
Horizontal Sum: 16
Vertical Sum: 23
Horizontal Sum: 37
Vertical Sum: 49
Horizontal Sum: 67
Vertical Sum: 19
Board Number: 1
3 15 0 0 22 
0 18 13 0 0 
19 8 0 25 0 
20 0 10 0 0 
0 0 16 12 6 
Horizontal Sum: 40
Vertical Sum: 42
Horizontal Sum: 31
Vertical Sum: 41
Horizontal Sum: 52
Vertical Sum: 39
Horizontal Sum: 30
Vertical Sum: 37
Horizontal Sum: 34
Vertical Sum: 28
Board Number: 2
0 0 0 0 0 
10 16 15 0 19 
18 8 0 26 20 
22 0 13 6 0 
0 0 12 3 0 
Horizontal Sum: 0
Vertical Sum: 50
Board Number: 0
22 13 0 0 0 
8 0 0 0 0 
0 0 0 16 0 
6 0 3 18 0 
1 12 20 15 19 
Horizontal Sum: 35
Vertical Sum: 37
Horizontal Sum: 8
Vertical Sum: 25
Horizontal Sum: 16
Vertical Sum: 23
Horizontal Sum: 27
Vertical Sum: 49
Horizontal Sum: 67
Vertical Sum: 19
Board Number: 1
3 15 0 0 22 
0 18 13 0 0 
19 8 0 25 0 
20 0 0 0 0 
0 0 16 12 6 
Horizontal Sum: 40
Vertical Sum: 42
Horizontal Sum: 31
Vertical Sum: 41
Horizontal Sum: 52
Vertical Sum: 29
Horizontal Sum: 20
Vertical Sum: 37
Horizontal Sum: 34
Vertical Sum: 28
Board Number: 2
0 0 0 0 0 
0 16 15 0 19 
18 8 0 26 20 
22 0 13 6 0 
0 0 12 3 0 
Horizontal Sum: 0
Vertical Sum: 40
Board Number: 0
22 13 0 0 0 
8 0 0 0 0 
0 0 0 0 0 
6 0 3 18 0 
1 12 20 15 19 
Horizontal Sum: 35
Vertical Sum: 37
Horizontal Sum: 8
Vertical Sum: 25
Horizontal Sum: 0
Vertical Sum: 23
Board Number: 1
3 15 0 0 22 
0 18 13 0 0 
19 8 0 25 0 
20 0 0 0 0 
0 0 0 12 6 
Horizontal Sum: 40
Vertical Sum: 42
Horizontal Sum: 31
Vertical Sum: 41
Horizontal Sum: 52
Vertical Sum: 13
Horizontal Sum: 20
Vertical Sum: 37
Horizontal Sum: 18
Vertical Sum: 28
Board Number: 2
0 0 0 0 0 
0 0 15 0 19 
18 8 0 26 20 
22 0 13 6 0 
0 0 12 3 0 
Horizontal Sum: 0
Vertical Sum: 40
Board Number: 0
22 0 0 0 0 
8 0 0 0 0 
0 0 0 0 0 
6 0 3 18 0 
1 12 20 15 19 
Horizontal Sum: 22
Vertical Sum: 37
Horizontal Sum: 8
Vertical Sum: 12
Horizontal Sum: 0
Vertical Sum: 23
Board Number: 1
3 15 0 0 22 
0 18 0 0 0 
19 8 0 25 0 
20 0 0 0 0 
0 0 0 12 6 
Horizontal Sum: 40
Vertical Sum: 42
Horizontal Sum: 18
Vertical Sum: 41
Horizontal Sum: 52
Vertical Sum: 0
Board Number: 2
0 0 0 0 0 
0 0 15 0 19 
18 8 0 26 20 
22 0 0 6 0 
0 0 12 3 0 
Horizontal Sum: 0
Vertical Sum: 40
Board Number: 0
22 0 0 0 0 
8 0 0 0 0 
0 0 0 0 0 
0 0 3 18 0 
1 12 20 15 19 
Horizontal Sum: 22
Vertical Sum: 31
Horizontal Sum: 8
Vertical Sum: 12
Horizontal Sum: 0
Vertical Sum: 23
Board Number: 1
3 15 0 0 22 
0 18 0 0 0 
19 8 0 25 0 
20 0 0 0 0 
0 0 0 12 0 
Horizontal Sum: 40
Vertical Sum: 42
Horizontal Sum: 18
Vertical Sum: 41
Horizontal Sum: 52
Vertical Sum: 0
Board Number: 2
0 0 0 0 0 
0 0 15 0 19 
18 8 0 26 20 
22 0 0 0 0 
0 0 12 3 0 
Horizontal Sum: 0
Vertical Sum: 40
Board Number: 0
22 0 0 0 0 
8 0 0 0 0 
0 0 0 0 0 
0 0 3 18 0 
1 12 20 0 19 
Horizontal Sum: 22
Vertical Sum: 31
Horizontal Sum: 8
Vertical Sum: 12
Horizontal Sum: 0
Vertical Sum: 23
Board Number: 1
3 0 0 0 22 
0 18 0 0 0 
19 8 0 25 0 
20 0 0 0 0 
0 0 0 12 0 
Horizontal Sum: 25
Vertical Sum: 42
Horizontal Sum: 18
Vertical Sum: 26
Horizontal Sum: 52
Vertical Sum: 0
Board Number: 2
0 0 0 0 0 
0 0 0 0 19 
18 8 0 26 20 
22 0 0 0 0 
0 0 12 3 0 
Horizontal Sum: 0
Vertical Sum: 40
Board Number: 0
22 0 0 0 0 
8 0 0 0 0 
0 0 0 0 0 
0 0 3 18 0 
1 12 20 0 19 
Horizontal Sum: 22
Vertical Sum: 31
Horizontal Sum: 8
Vertical Sum: 12
Horizontal Sum: 0
Vertical Sum: 23
Board Number: 1
3 0 0 0 22 
0 18 0 0 0 
19 8 0 0 0 
20 0 0 0 0 
0 0 0 12 0 
Horizontal Sum: 25
Vertical Sum: 42
Horizontal Sum: 18
Vertical Sum: 26
Horizontal Sum: 27
Vertical Sum: 0
Board Number: 2
0 0 0 0 0 
0 0 0 0 19 
18 8 0 26 20 
22 0 0 0 0 
0 0 12 3 0 
Horizontal Sum: 0
Vertical Sum: 40
Board Number: 0
22 0 0 0 0 
8 0 0 0 0 
0 0 0 0 0 
0 0 3 18 0 
1 0 20 0 19 
Horizontal Sum: 22
Vertical Sum: 31
Horizontal Sum: 8
Vertical Sum: 0
Board Number: 1
3 0 0 0 22 
0 18 0 0 0 
19 8 0 0 0 
20 0 0 0 0 
0 0 0 0 0 
Horizontal Sum: 25
Vertical Sum: 42
Horizontal Sum: 18
Vertical Sum: 26
Horizontal Sum: 27
Vertical Sum: 0
Board Number: 2
0 0 0 0 0 
0 0 0 0 19 
18 8 0 26 20 
22 0 0 0 0 
0 0 0 3 0 
Horizontal Sum: 0
Vertical Sum: 40
Board Number: 0
0 0 0 0 0 
8 0 0 0 0 
0 0 0 0 0 
0 0 3 18 0 
1 0 20 0 19 
Horizontal Sum: 0
Vertical Sum: 9
Board Number: 1
3 0 0 0 0 
0 18 0 0 0 
19 8 0 0 0 
20 0 0 0 0 
0 0 0 0 0 
Horizontal Sum: 3
Vertical Sum: 42
Horizontal Sum: 18
Vertical Sum: 26
Horizontal Sum: 27
Vertical Sum: 0
Board Number: 2
0 0 0 0 0 
0 0 0 0 19 
18 8 0 26 20 
0 0 0 0 0 
0 0 0 3 0 
Horizontal Sum: 0
Vertical Sum: 18
Board Number: 0
0 0 0 0 0 
8 0 0 0 0 
0 0 0 0 0 
0 0 3 0 0 
1 0 20 0 19 
Horizontal Sum: 0
Vertical Sum: 9
Board Number: 1
3 0 0 0 0 
0 0 0 0 0 
19 8 0 0 0 
20 0 0 0 0 
0 0 0 0 0 
Horizontal Sum: 3
Vertical Sum: 42
Horizontal Sum: 0
Vertical Sum: 8
Board Number: 2
0 0 0 0 0 
0 0 0 0 19 
0 8 0 26 20 
0 0 0 0 0 
0 0 0 3 0 
Horizontal Sum: 0
Vertical Sum: 0
Board Number: 0
0 0 0 0 0 
8 0 0 0 0 
0 0 0 0 0 
0 0 3 0 0 
1 0 0 0 19 
Horizontal Sum: 0
Vertical Sum: 9
Board Number: 1
3 0 0 0 0 
0 0 0 0 0 
19 8 0 0 0 
0 0 0 0 0 
0 0 0 0 0 
Horizontal Sum: 3
Vertical Sum: 22
Horizontal Sum: 0
Vertical Sum: 8
Board Number: 2
0 0 0 0 0 
0 0 0 0 19 
0 8 0 26 0 
0 0 0 0 0 
0 0 0 3 0 
Horizontal Sum: 0
Vertical Sum: 0
Board Number: 0
0 0 0 0 0 
0 0 0 0 0 
0 0 0 0 0 
0 0 3 0 0 
1 0 0 0 19 
Horizontal Sum: 0
Vertical Sum: 1
Board Number: 1
3 0 0 0 0 
0 0 0 0 0 
19 0 0 0 0 
0 0 0 0 0 
0 0 0 0 0 
Horizontal Sum: 3
Vertical Sum: 22
Horizontal Sum: 0
Vertical Sum: 0
Board Number: 2
0 0 0 0 0 
0 0 0 0 19 
0 0 0 26 0 
0 0 0 0 0 
0 0 0 3 0 
Horizontal Sum: 0
Vertical Sum: 0
Board Number: 0
0 0 0 0 0 
0 0 0 0 0 
0 0 0 0 0 
0 0 3 0 0 
1 0 0 0 0 
Horizontal Sum: 0
Vertical Sum: 1
Board Number: 1
3 0 0 0 0 
0 0 0 0 0 
0 0 0 0 0 
0 0 0 0 0 
0 0 0 0 0 
Horizontal Sum: 3
Vertical Sum: 3
Horizontal Sum: 0
Vertical Sum: 0
Board Number: 2
0 0 0 0 0 
0 0 0 0 0 
0 0 0 26 0 
0 0 0 0 0 
0 0 0 3 0 
Horizontal Sum: 0
Vertical Sum: 0
Board Number: 0
0 0 0 0 0 
0 0 0 0 0 
0 0 0 0 0 
0 0 0 0 0 
1 0 0 0 0 
Horizontal Sum: 0
Vertical Sum: 1
Board Number: 1
0 0 0 0 0 
0 0 0 0 0 
0 0 0 0 0 
0 0 0 0 0 
0 0 0 0 0 
Horizontal Sum: 0
Vertical Sum: 0
Board Number: 2
0 0 0 0 0 
0 0 0 0 0 
0 0 0 26 0 
0 0 0 0 0 
0 0 0 0 0 
Horizontal Sum: 0
Vertical Sum: 0
Board Number: 0
0 0 0 0 0 
0 0 0 0 0 
0 0 0 0 0 
0 0 0 0 0 
1 0 0 0 0 
Horizontal Sum: 0
Vertical Sum: 1
Board Number: 1
0 0 0 0 0 
0 0 0 0 0 
0 0 0 0 0 
0 0 0 0 0 
0 0 0 0 0 
Horizontal Sum: 0
Vertical Sum: 0
Board Number: 2
0 0 0 0 0 
0 0 0 0 0 
0 0 0 0 0 
0 0 0 0 0 
0 0 0 0 0 
Horizontal Sum: 0
Vertical Sum: 0
Board Number: 0
0 0 0 0 0 
0 0 0 0 0 
0 0 0 0 0 
0 0 0 0 0 
0 0 0 0 0 
Horizontal Sum: 0
Vertical Sum: 0
Board Number: 1
0 0 0 0 0 
0 0 0 0 0 
0 0 0 0 0 
0 0 0 0 0 
0 0 0 0 0 
Horizontal Sum: 0
Vertical Sum: 0
Board Number: 2
0 0 0 0 0 
0 0 0 0 0 
0 0 0 0 0 
0 0 0 0 0 
0 0 0 0 0 
Horizontal Sum: 0
Vertical Sum: 0
The winning score: 0
Board Number: 0
22 13 17 11 0 
8 2 23 4 24 
21 9 14 16 0 
6 10 3 18 5 
1 12 20 15 19 
Horizontal Sum: 63
Vertical Sum: 58
Horizontal Sum: 61
Vertical Sum: 46
Horizontal Sum: 60
Vertical Sum: 77
Horizontal Sum: 42
Vertical Sum: 64
Horizontal Sum: 67
Vertical Sum: 48
Board Number: 1
3 15 0 2 22 
9 18 13 17 5 
19 8 0 25 23 
20 11 10 24 4 
14 21 16 12 6 
Horizontal Sum: 42
Vertical Sum: 65
Horizontal Sum: 62
Vertical Sum: 73
Horizontal Sum: 75
Vertical Sum: 39
Horizontal Sum: 69
Vertical Sum: 80
Horizontal Sum: 69
Vertical Sum: 60
Board Number: 2
14 21 17 24 4 
10 16 15 9 19 
18 8 23 26 20 
22 11 13 6 5 
2 0 12 3 0 
Horizontal Sum: 80
Vertical Sum: 66
Horizontal Sum: 69
Vertical Sum: 56
Horizontal Sum: 95
Vertical Sum: 80
Horizontal Sum: 57
Vertical Sum: 68
Horizontal Sum: 17
Vertical Sum: 48
Board Number: 0
22 13 17 11 0 
8 2 23 0 24 
21 9 14 16 0 
6 10 3 18 5 
1 12 20 15 19 
Horizontal Sum: 63
Vertical Sum: 58
Horizontal Sum: 57
Vertical Sum: 46
Horizontal Sum: 60
Vertical Sum: 77
Horizontal Sum: 42
Vertical Sum: 60
Horizontal Sum: 67
Vertical Sum: 48
Board Number: 1
3 15 0 2 22 
9 18 13 17 5 
19 8 0 25 23 
20 11 10 24 0 
14 21 16 12 6 
Horizontal Sum: 42
Vertical Sum: 65
Horizontal Sum: 62
Vertical Sum: 73
Horizontal Sum: 75
Vertical Sum: 39
Horizontal Sum: 65
Vertical Sum: 80
Horizontal Sum: 69
Vertical Sum: 56
Board Number: 2
14 21 17 24 0 
10 16 15 9 19 
18 8 23 26 20 
22 11 13 6 5 
2 0 12 3 0 
Horizontal Sum: 76
Vertical Sum: 66
Horizontal Sum: 69
Vertical Sum: 56
Horizontal Sum: 95
Vertical Sum: 80
Horizontal Sum: 57
Vertical Sum: 68
Horizontal Sum: 17
Vertical Sum: 44
Board Number: 0
22 13 17 11 0 
8 2 23 0 24 
21 0 14 16 0 
6 10 3 18 5 
1 12 20 15 19 
Horizontal Sum: 63
Vertical Sum: 58
Horizontal Sum: 57
Vertical Sum: 37
Horizontal Sum: 51
Vertical Sum: 77
Horizontal Sum: 42
Vertical Sum: 60
Horizontal Sum: 67
Vertical Sum: 48
Board Number: 1
3 15 0 2 22 
0 18 13 17 5 
19 8 0 25 23 
20 11 10 24 0 
14 21 16 12 6 
Horizontal Sum: 42
Vertical Sum: 56
Horizontal Sum: 53
Vertical Sum: 73
Horizontal Sum: 75
Vertical Sum: 39
Horizontal Sum: 65
Vertical Sum: 80
Horizontal Sum: 69
Vertical Sum: 56
Board Number: 2
14 21 17 24 0 
10 16 15 0 19 
18 8 23 26 20 
22 11 13 6 5 
2 0 12 3 0 
Horizontal Sum: 76
Vertical Sum: 66
Horizontal Sum: 60
Vertical Sum: 56
Horizontal Sum: 95
Vertical Sum: 80
Horizontal Sum: 57
Vertical Sum: 59
Horizontal Sum: 17
Vertical Sum: 44
Board Number: 0
22 13 17 11 0 
8 2 23 0 24 
21 0 14 16 0 
6 10 3 18 0 
1 12 20 15 19 
Horizontal Sum: 63
Vertical Sum: 58
Horizontal Sum: 57
Vertical Sum: 37
Horizontal Sum: 51
Vertical Sum: 77
Horizontal Sum: 37
Vertical Sum: 60
Horizontal Sum: 67
Vertical Sum: 43
Board Number: 1
3 15 0 2 22 
0 18 13 17 0 
19 8 0 25 23 
20 11 10 24 0 
14 21 16 12 6 
Horizontal Sum: 42
Vertical Sum: 56
Horizontal Sum: 48
Vertical Sum: 73
Horizontal Sum: 75
Vertical Sum: 39
Horizontal Sum: 65
Vertical Sum: 80
Horizontal Sum: 69
Vertical Sum: 51
Board Number: 2
14 21 17 24 0 
10 16 15 0 19 
18 8 23 26 20 
22 11 13 6 0 
2 0 12 3 0 
Horizontal Sum: 76
Vertical Sum: 66
Horizontal Sum: 60
Vertical Sum: 56
Horizontal Sum: 95
Vertical Sum: 80
Horizontal Sum: 52
Vertical Sum: 59
Horizontal Sum: 17
Vertical Sum: 39
Board Number: 0
22 13 17 0 0 
8 2 23 0 24 
21 0 14 16 0 
6 10 3 18 0 
1 12 20 15 19 
Horizontal Sum: 52
Vertical Sum: 58
Horizontal Sum: 57
Vertical Sum: 37
Horizontal Sum: 51
Vertical Sum: 77
Horizontal Sum: 37
Vertical Sum: 49
Horizontal Sum: 67
Vertical Sum: 43
Board Number: 1
3 15 0 2 22 
0 18 13 17 0 
19 8 0 25 23 
20 0 10 24 0 
14 21 16 12 6 
Horizontal Sum: 42
Vertical Sum: 56
Horizontal Sum: 48
Vertical Sum: 62
Horizontal Sum: 75
Vertical Sum: 39
Horizontal Sum: 54
Vertical Sum: 80
Horizontal Sum: 69
Vertical Sum: 51
Board Number: 2
14 21 17 24 0 
10 16 15 0 19 
18 8 23 26 20 
22 0 13 6 0 
2 0 12 3 0 
Horizontal Sum: 76
Vertical Sum: 66
Horizontal Sum: 60
Vertical Sum: 45
Horizontal Sum: 95
Vertical Sum: 80
Horizontal Sum: 41
Vertical Sum: 59
Horizontal Sum: 17
Vertical Sum: 39
Board Number: 0
22 13 0 0 0 
8 2 23 0 24 
21 0 14 16 0 
6 10 3 18 0 
1 12 20 15 19 
Horizontal Sum: 35
Vertical Sum: 58
Horizontal Sum: 57
Vertical Sum: 37
Horizontal Sum: 51
Vertical Sum: 60
Horizontal Sum: 37
Vertical Sum: 49
Horizontal Sum: 67
Vertical Sum: 43
Board Number: 1
3 15 0 2 22 
0 18 13 0 0 
19 8 0 25 23 
20 0 10 24 0 
14 21 16 12 6 
Horizontal Sum: 42
Vertical Sum: 56
Horizontal Sum: 31
Vertical Sum: 62
Horizontal Sum: 75
Vertical Sum: 39
Horizontal Sum: 54
Vertical Sum: 63
Horizontal Sum: 69
Vertical Sum: 51
Board Number: 2
14 21 0 24 0 
10 16 15 0 19 
18 8 23 26 20 
22 0 13 6 0 
2 0 12 3 0 
Horizontal Sum: 59
Vertical Sum: 66
Horizontal Sum: 60
Vertical Sum: 45
Horizontal Sum: 95
Vertical Sum: 63
Horizontal Sum: 41
Vertical Sum: 59
Horizontal Sum: 17
Vertical Sum: 39
Board Number: 0
22 13 0 0 0 
8 2 0 0 24 
21 0 14 16 0 
6 10 3 18 0 
1 12 20 15 19 
Horizontal Sum: 35
Vertical Sum: 58
Horizontal Sum: 34
Vertical Sum: 37
Horizontal Sum: 51
Vertical Sum: 37
Horizontal Sum: 37
Vertical Sum: 49
Horizontal Sum: 67
Vertical Sum: 43
Board Number: 1
3 15 0 2 22 
0 18 13 0 0 
19 8 0 25 0 
20 0 10 24 0 
14 21 16 12 6 
Horizontal Sum: 42
Vertical Sum: 56
Horizontal Sum: 31
Vertical Sum: 62
Horizontal Sum: 52
Vertical Sum: 39
Horizontal Sum: 54
Vertical Sum: 63
Horizontal Sum: 69
Vertical Sum: 28
Board Number: 2
14 21 0 24 0 
10 16 15 0 19 
18 8 0 26 20 
22 0 13 6 0 
2 0 12 3 0 
Horizontal Sum: 59
Vertical Sum: 66
Horizontal Sum: 60
Vertical Sum: 45
Horizontal Sum: 72
Vertical Sum: 40
Horizontal Sum: 41
Vertical Sum: 59
Horizontal Sum: 17
Vertical Sum: 39
Board Number: 0
22 13 0 0 0 
8 0 0 0 24 
21 0 14 16 0 
6 10 3 18 0 
1 12 20 15 19 
Horizontal Sum: 35
Vertical Sum: 58
Horizontal Sum: 32
Vertical Sum: 35
Horizontal Sum: 51
Vertical Sum: 37
Horizontal Sum: 37
Vertical Sum: 49
Horizontal Sum: 67
Vertical Sum: 43
Board Number: 1
3 15 0 0 22 
0 18 13 0 0 
19 8 0 25 0 
20 0 10 24 0 
14 21 16 12 6 
Horizontal Sum: 40
Vertical Sum: 56
Horizontal Sum: 31
Vertical Sum: 62
Horizontal Sum: 52
Vertical Sum: 39
Horizontal Sum: 54
Vertical Sum: 61
Horizontal Sum: 69
Vertical Sum: 28
Board Number: 2
14 21 0 24 0 
10 16 15 0 19 
18 8 0 26 20 
22 0 13 6 0 
0 0 12 3 0 
Horizontal Sum: 59
Vertical Sum: 64
Horizontal Sum: 60
Vertical Sum: 45
Horizontal Sum: 72
Vertical Sum: 40
Horizontal Sum: 41
Vertical Sum: 59
Horizontal Sum: 15
Vertical Sum: 39
Board Number: 0
22 13 0 0 0 
8 0 0 0 24 
21 0 14 16 0 
6 10 3 18 0 
1 12 20 15 19 
Horizontal Sum: 35
Vertical Sum: 58
Horizontal Sum: 32
Vertical Sum: 35
Horizontal Sum: 51
Vertical Sum: 37
Horizontal Sum: 37
Vertical Sum: 49
Horizontal Sum: 67
Vertical Sum: 43
Board Number: 1
3 15 0 0 22 
0 18 13 0 0 
19 8 0 25 0 
20 0 10 24 0 
14 21 16 12 6 
Horizontal Sum: 40
Vertical Sum: 56
Horizontal Sum: 31
Vertical Sum: 62
Horizontal Sum: 52
Vertical Sum: 39
Horizontal Sum: 54
Vertical Sum: 61
Horizontal Sum: 69
Vertical Sum: 28
Board Number: 2
14 21 0 24 0 
10 16 15 0 19 
18 8 0 26 20 
22 0 13 6 0 
0 0 12 3 0 
Horizontal Sum: 59
Vertical Sum: 64
Horizontal Sum: 60
Vertical Sum: 45
Horizontal Sum: 72
Vertical Sum: 40
Horizontal Sum: 41
Vertical Sum: 59
Horizontal Sum: 15
Vertical Sum: 39
Board Number: 0
22 13 0 0 0 
8 0 0 0 24 
21 0 0 16 0 
6 10 3 18 0 
1 12 20 15 19 
Horizontal Sum: 35
Vertical Sum: 58
Horizontal Sum: 32
Vertical Sum: 35
Horizontal Sum: 37
Vertical Sum: 23
Horizontal Sum: 37
Vertical Sum: 49
Horizontal Sum: 67
Vertical Sum: 43
Board Number: 1
3 15 0 0 22 
0 18 13 0 0 
19 8 0 25 0 
20 0 10 24 0 
0 21 16 12 6 
Horizontal Sum: 40
Vertical Sum: 42
Horizontal Sum: 31
Vertical Sum: 62
Horizontal Sum: 52
Vertical Sum: 39
Horizontal Sum: 54
Vertical Sum: 61
Horizontal Sum: 55
Vertical Sum: 28
Board Number: 2
0 21 0 24 0 
10 16 15 0 19 
18 8 0 26 20 
22 0 13 6 0 
0 0 12 3 0 
Horizontal Sum: 45
Vertical Sum: 50
Horizontal Sum: 60
Vertical Sum: 45
Horizontal Sum: 72
Vertical Sum: 40
Horizontal Sum: 41
Vertical Sum: 59
Horizontal Sum: 15
Vertical Sum: 39
Board Number: 0
22 13 0 0 0 
8 0 0 0 24 
0 0 0 16 0 
6 10 3 18 0 
1 12 20 15 19 
Horizontal Sum: 35
Vertical Sum: 37
Horizontal Sum: 32
Vertical Sum: 35
Horizontal Sum: 16
Vertical Sum: 23
Horizontal Sum: 37
Vertical Sum: 49
Horizontal Sum: 67
Vertical Sum: 43
Board Number: 1
3 15 0 0 22 
0 18 13 0 0 
19 8 0 25 0 
20 0 10 24 0 
0 0 16 12 6 
Horizontal Sum: 40
Vertical Sum: 42
Horizontal Sum: 31
Vertical Sum: 41
Horizontal Sum: 52
Vertical Sum: 39
Horizontal Sum: 54
Vertical Sum: 61
Horizontal Sum: 34
Vertical Sum: 28
Board Number: 2
0 0 0 24 0 
10 16 15 0 19 
18 8 0 26 20 
22 0 13 6 0 
0 0 12 3 0 
Horizontal Sum: 24
Vertical Sum: 50
Horizontal Sum: 60
Vertical Sum: 24
Horizontal Sum: 72
Vertical Sum: 40
Horizontal Sum: 41
Vertical Sum: 59
Horizontal Sum: 15
Vertical Sum: 39
Current No: 24
Board Number: 0
22 13 0 0 0 
8 0 0 0 0 
0 0 0 16 0 
6 10 3 18 0 
1 12 20 15 19 
Horizontal Sum: 35
Vertical Sum: 37
Horizontal Sum: 8
Vertical Sum: 35
Horizontal Sum: 16
Vertical Sum: 23
Horizontal Sum: 37
Vertical Sum: 49
Horizontal Sum: 67
Vertical Sum: 19
Board Number: 1
3 15 0 0 22 
0 18 13 0 0 
19 8 0 25 0 
20 0 10 0 0 
0 0 16 12 6 
Horizontal Sum: 40
Vertical Sum: 42
Horizontal Sum: 31
Vertical Sum: 41
Horizontal Sum: 52
Vertical Sum: 39
Horizontal Sum: 30
Vertical Sum: 37
Horizontal Sum: 34
Vertical Sum: 28
Board Number: 2
0 0 0 0 0 
10 16 15 0 19 
18 8 0 26 20 
22 0 13 6 0 
0 0 12 3 0 
Horizontal Sum: 0
Vertical Sum: 50
Board Number: 0
22 13 0 0 0 
8 0 0 0 0 
0 0 0 16 0 
6 0 3 18 0 
1 12 20 15 19 
Horizontal Sum: 35
Vertical Sum: 37
Horizontal Sum: 8
Vertical Sum: 25
Horizontal Sum: 16
Vertical Sum: 23
Horizontal Sum: 27
Vertical Sum: 49
Horizontal Sum: 67
Vertical Sum: 19
Board Number: 1
3 15 0 0 22 
0 18 13 0 0 
19 8 0 25 0 
20 0 0 0 0 
0 0 16 12 6 
Horizontal Sum: 40
Vertical Sum: 42
Horizontal Sum: 31
Vertical Sum: 41
Horizontal Sum: 52
Vertical Sum: 29
Horizontal Sum: 20
Vertical Sum: 37
Horizontal Sum: 34
Vertical Sum: 28
Board Number: 2
0 0 0 0 0 
0 16 15 0 19 
18 8 0 26 20 
22 0 13 6 0 
0 0 12 3 0 
Horizontal Sum: 0
Vertical Sum: 40
Board Number: 0
22 13 0 0 0 
8 0 0 0 0 
0 0 0 0 0 
6 0 3 18 0 
1 12 20 15 19 
Horizontal Sum: 35
Vertical Sum: 37
Horizontal Sum: 8
Vertical Sum: 25
Horizontal Sum: 0
Vertical Sum: 23
Board Number: 1
3 15 0 0 22 
0 18 13 0 0 
19 8 0 25 0 
20 0 0 0 0 
0 0 0 12 6 
Horizontal Sum: 40
Vertical Sum: 42
Horizontal Sum: 31
Vertical Sum: 41
Horizontal Sum: 52
Vertical Sum: 13
Horizontal Sum: 20
Vertical Sum: 37
Horizontal Sum: 18
Vertical Sum: 28
Board Number: 2
0 0 0 0 0 
0 0 15 0 19 
18 8 0 26 20 
22 0 13 6 0 
0 0 12 3 0 
Horizontal Sum: 0
Vertical Sum: 40
Board Number: 0
22 0 0 0 0 
8 0 0 0 0 
0 0 0 0 0 
6 0 3 18 0 
1 12 20 15 19 
Horizontal Sum: 22
Vertical Sum: 37
Horizontal Sum: 8
Vertical Sum: 12
Horizontal Sum: 0
Vertical Sum: 23
Board Number: 1
3 15 0 0 22 
0 18 0 0 0 
19 8 0 25 0 
20 0 0 0 0 
0 0 0 12 6 
Horizontal Sum: 40
Vertical Sum: 42
Horizontal Sum: 18
Vertical Sum: 41
Horizontal Sum: 52
Vertical Sum: 0
Board Number: 2
0 0 0 0 0 
0 0 15 0 19 
18 8 0 26 20 
22 0 0 6 0 
0 0 12 3 0 
Horizontal Sum: 0
Vertical Sum: 40
Board Number: 0
22 0 0 0 0 
8 0 0 0 0 
0 0 0 0 0 
0 0 3 18 0 
1 12 20 15 19 
Horizontal Sum: 22
Vertical Sum: 31
Horizontal Sum: 8
Vertical Sum: 12
Horizontal Sum: 0
Vertical Sum: 23
Board Number: 1
3 15 0 0 22 
0 18 0 0 0 
19 8 0 25 0 
20 0 0 0 0 
0 0 0 12 0 
Horizontal Sum: 40
Vertical Sum: 42
Horizontal Sum: 18
Vertical Sum: 41
Horizontal Sum: 52
Vertical Sum: 0
Board Number: 2
0 0 0 0 0 
0 0 15 0 19 
18 8 0 26 20 
22 0 0 0 0 
0 0 12 3 0 
Horizontal Sum: 0
Vertical Sum: 40
Board Number: 0
22 0 0 0 0 
8 0 0 0 0 
0 0 0 0 0 
0 0 3 18 0 
1 12 20 0 19 
Horizontal Sum: 22
Vertical Sum: 31
Horizontal Sum: 8
Vertical Sum: 12
Horizontal Sum: 0
Vertical Sum: 23
Board Number: 1
3 0 0 0 22 
0 18 0 0 0 
19 8 0 25 0 
20 0 0 0 0 
0 0 0 12 0 
Horizontal Sum: 25
Vertical Sum: 42
Horizontal Sum: 18
Vertical Sum: 26
Horizontal Sum: 52
Vertical Sum: 0
Board Number: 2
0 0 0 0 0 
0 0 0 0 19 
18 8 0 26 20 
22 0 0 0 0 
0 0 12 3 0 
Horizontal Sum: 0
Vertical Sum: 40
Board Number: 0
22 0 0 0 0 
8 0 0 0 0 
0 0 0 0 0 
0 0 3 18 0 
1 12 20 0 19 
Horizontal Sum: 22
Vertical Sum: 31
Horizontal Sum: 8
Vertical Sum: 12
Horizontal Sum: 0
Vertical Sum: 23
Board Number: 1
3 0 0 0 22 
0 18 0 0 0 
19 8 0 0 0 
20 0 0 0 0 
0 0 0 12 0 
Horizontal Sum: 25
Vertical Sum: 42
Horizontal Sum: 18
Vertical Sum: 26
Horizontal Sum: 27
Vertical Sum: 0
Board Number: 2
0 0 0 0 0 
0 0 0 0 19 
18 8 0 26 20 
22 0 0 0 0 
0 0 12 3 0 
Horizontal Sum: 0
Vertical Sum: 40
Board Number: 0
22 0 0 0 0 
8 0 0 0 0 
0 0 0 0 0 
0 0 3 18 0 
1 0 20 0 19 
Horizontal Sum: 22
Vertical Sum: 31
Horizontal Sum: 8
Vertical Sum: 0
Board Number: 1
3 0 0 0 22 
0 18 0 0 0 
19 8 0 0 0 
20 0 0 0 0 
0 0 0 0 0 
Horizontal Sum: 25
Vertical Sum: 42
Horizontal Sum: 18
Vertical Sum: 26
Horizontal Sum: 27
Vertical Sum: 0
Board Number: 2
0 0 0 0 0 
0 0 0 0 19 
18 8 0 26 20 
22 0 0 0 0 
0 0 0 3 0 
Horizontal Sum: 0
Vertical Sum: 40
Board Number: 0
0 0 0 0 0 
8 0 0 0 0 
0 0 0 0 0 
0 0 3 18 0 
1 0 20 0 19 
Horizontal Sum: 0
Vertical Sum: 9
Board Number: 1
3 0 0 0 0 
0 18 0 0 0 
19 8 0 0 0 
20 0 0 0 0 
0 0 0 0 0 
Horizontal Sum: 3
Vertical Sum: 42
Horizontal Sum: 18
Vertical Sum: 26
Horizontal Sum: 27
Vertical Sum: 0
Board Number: 2
0 0 0 0 0 
0 0 0 0 19 
18 8 0 26 20 
0 0 0 0 0 
0 0 0 3 0 
Horizontal Sum: 0
Vertical Sum: 18
Board Number: 0
0 0 0 0 0 
8 0 0 0 0 
0 0 0 0 0 
0 0 3 0 0 
1 0 20 0 19 
Horizontal Sum: 0
Vertical Sum: 9
Board Number: 1
3 0 0 0 0 
0 0 0 0 0 
19 8 0 0 0 
20 0 0 0 0 
0 0 0 0 0 
Horizontal Sum: 3
Vertical Sum: 42
Horizontal Sum: 0
Vertical Sum: 8
Board Number: 2
0 0 0 0 0 
0 0 0 0 19 
0 8 0 26 20 
0 0 0 0 0 
0 0 0 3 0 
Horizontal Sum: 0
Vertical Sum: 0
Board Number: 0
0 0 0 0 0 
8 0 0 0 0 
0 0 0 0 0 
0 0 3 0 0 
1 0 0 0 19 
Horizontal Sum: 0
Vertical Sum: 9
Board Number: 1
3 0 0 0 0 
0 0 0 0 0 
19 8 0 0 0 
0 0 0 0 0 
0 0 0 0 0 
Horizontal Sum: 3
Vertical Sum: 22
Horizontal Sum: 0
Vertical Sum: 8
Board Number: 2
0 0 0 0 0 
0 0 0 0 19 
0 8 0 26 0 
0 0 0 0 0 
0 0 0 3 0 
Horizontal Sum: 0
Vertical Sum: 0
Board Number: 0
0 0 0 0 0 
0 0 0 0 0 
0 0 0 0 0 
0 0 3 0 0 
1 0 0 0 19 
Horizontal Sum: 0
Vertical Sum: 1
Board Number: 1
3 0 0 0 0 
0 0 0 0 0 
19 0 0 0 0 
0 0 0 0 0 
0 0 0 0 0 
Horizontal Sum: 3
Vertical Sum: 22
Horizontal Sum: 0
Vertical Sum: 0
Board Number: 2
0 0 0 0 0 
0 0 0 0 19 
0 0 0 26 0 
0 0 0 0 0 
0 0 0 3 0 
Horizontal Sum: 0
Vertical Sum: 0
Board Number: 0
0 0 0 0 0 
0 0 0 0 0 
0 0 0 0 0 
0 0 3 0 0 
1 0 0 0 0 
Horizontal Sum: 0
Vertical Sum: 1
Board Number: 1
3 0 0 0 0 
0 0 0 0 0 
0 0 0 0 0 
0 0 0 0 0 
0 0 0 0 0 
Horizontal Sum: 3
Vertical Sum: 3
Horizontal Sum: 0
Vertical Sum: 0
Board Number: 2
0 0 0 0 0 
0 0 0 0 0 
0 0 0 26 0 
0 0 0 0 0 
0 0 0 3 0 
Horizontal Sum: 0
Vertical Sum: 0
Board Number: 0
0 0 0 0 0 
0 0 0 0 0 
0 0 0 0 0 
0 0 0 0 0 
1 0 0 0 0 
Horizontal Sum: 0
Vertical Sum: 1
Board Number: 1
0 0 0 0 0 
0 0 0 0 0 
0 0 0 0 0 
0 0 0 0 0 
0 0 0 0 0 
Horizontal Sum: 0
Vertical Sum: 0
Board Number: 2
0 0 0 0 0 
0 0 0 0 0 
0 0 0 26 0 
0 0 0 0 0 
0 0 0 0 0 
Horizontal Sum: 0
Vertical Sum: 0
Board Number: 0
0 0 0 0 0 
0 0 0 0 0 
0 0 0 0 0 
0 0 0 0 0 
1 0 0 0 0 
Horizontal Sum: 0
Vertical Sum: 1
Board Number: 1
0 0 0 0 0 
0 0 0 0 0 
0 0 0 0 0 
0 0 0 0 0 
0 0 0 0 0 
Horizontal Sum: 0
Vertical Sum: 0
Board Number: 2
0 0 0 0 0 
0 0 0 0 0 
0 0 0 0 0 
0 0 0 0 0 
0 0 0 0 0 
Horizontal Sum: 0
Vertical Sum: 0
Board Number: 0
0 0 0 0 0 
0 0 0 0 0 
0 0 0 0 0 
0 0 0 0 0 
0 0 0 0 0 
Horizontal Sum: 0
Vertical Sum: 0
Board Number: 1
0 0 0 0 0 
0 0 0 0 0 
0 0 0 0 0 
0 0 0 0 0 
0 0 0 0 0 
Horizontal Sum: 0
Vertical Sum: 0
Board Number: 2
0 0 0 0 0 
0 0 0 0 0 
0 0 0 0 0 
0 0 0 0 0 
0 0 0 0 0 
Horizontal Sum: 0
Vertical Sum: 0
The winning score: 0
